<?xml version="1.0" encoding="UTF-8"?>
<!-- Generated by org.testng.reporters.JUnitXMLReporter -->
<testsuite hostname="Hyd01L5157" ignored="0" name="Users" tests="1" failures="1" timestamp="29 Jul 2018 20:38:48 GMT" time="116.339" errors="0">
  <testcase name="verifynewuserbutton" time="64.889" classname="com.smart.qa.testcase.CreateUserPageTest_Ascena">
    <failure type="org.openqa.selenium.NoSuchElementException" message="Cannot locate element with text: United States
For documentation on this error, please visit: http://seleniumhq.org/exceptions/no_such_element.html
Build info: version: &amp;apos;3.12.0&amp;apos;, revision: &amp;apos;7c6e0b3&amp;apos;, time: &amp;apos;2018-05-08T14:04:26.12Z&amp;apos;
System info: host: &amp;apos;HYD01L5157&amp;apos;, ip: &amp;apos;192.168.56.1&amp;apos;, os.name: &amp;apos;Windows 8.1&amp;apos;, os.arch: &amp;apos;amd64&amp;apos;, os.version: &amp;apos;6.3&amp;apos;, java.version: &amp;apos;1.8.0_131&amp;apos;
Driver info: driver.version: unknown">
      <![CDATA[org.openqa.selenium.NoSuchElementException: Cannot locate element with text: United States
For documentation on this error, please visit: http://seleniumhq.org/exceptions/no_such_element.html
Build info: version: '3.12.0', revision: '7c6e0b3', time: '2018-05-08T14:04:26.12Z'
System info: host: 'HYD01L5157', ip: '192.168.56.1', os.name: 'Windows 8.1', os.arch: 'amd64', os.version: '6.3', java.version: '1.8.0_131'
Driver info: driver.version: unknown
	at org.openqa.selenium.support.ui.Select.selectByVisibleText(Select.java:151)
	at com.smart.qa.page.CreateUserPage.Basicdetails(CreateUserPage.java:69)
	at com.smart.qa.testcase.CreateUserPageTest_Ascena.verifynewuserbutton(CreateUserPageTest_Ascena.java:49)
... Removed 25 stack frames]]>
    </failure>
  </testcase> <!-- verifynewuserbutton -->
</testsuite> <!-- Users -->
