<?xml version="1.0" encoding="UTF-8"?>
<!-- Generated by org.testng.reporters.JUnitXMLReporter -->
<testsuite hostname="Hyd01L5157" ignored="0" name="Users1" tests="2" failures="2" timestamp="29 Jul 2018 20:42:40 GMT" time="231.771" errors="0">
  <testcase name="verifynewuserbutton" time="47.205" classname="com.smart.qa.testcase.CreateUserPageTest_CBT">
    <failure type="java.lang.AssertionError" message="expected [true] but found [false]">
      <![CDATA[java.lang.AssertionError: expected [true] but found [false]
	at com.smart.qa.page.CreateUserPage.SaveBtn(CreateUserPage.java:307)
	at com.smart.qa.testcase.CreateUserPageTest_CBT.verifynewuserbutton(CreateUserPageTest_CBT.java:55)
... Removed 29 stack frames]]>
    </failure>
  </testcase> <!-- verifynewuserbutton -->
  <testcase name="verifynewuserbutton" time="87.021" classname="com.smart.qa.testcase.CreateUserPageTest_CBT">
    <failure type="java.lang.AssertionError" message="expected [true] but found [false]">
      <![CDATA[java.lang.AssertionError: expected [true] but found [false]
	at com.smart.qa.page.CreateUserPage.SaveBtn(CreateUserPage.java:307)
	at com.smart.qa.testcase.CreateUserPageTest_CBT.verifynewuserbutton(CreateUserPageTest_CBT.java:55)
... Removed 29 stack frames]]>
    </failure>
  </testcase> <!-- verifynewuserbutton -->
</testsuite> <!-- Users1 -->
