<?xml version="1.0" encoding="UTF-8"?>
<!-- Generated by org.testng.reporters.JUnitXMLReporter -->
<testsuite hostname="Hyd01L5157" ignored="0" name="Users1(failed)" tests="2" failures="2" timestamp="13 Aug 2018 18:37:56 GMT" time="215.756" errors="0">
  <testcase name="verifynewuserbutton" time="42.99" classname="com.smart.qa.testcase.CreateUserPageTest_CBT">
    <failure type="java.lang.AssertionError" message="expected [true] but found [false]">
      <![CDATA[java.lang.AssertionError: expected [true] but found [false]
	at com.smart.qa.page.CreateUserPage.SaveBtn(CreateUserPage.java:307)
	at com.smart.qa.testcase.CreateUserPageTest_CBT.verifynewuserbutton(CreateUserPageTest_CBT.java:55)
... Removed 29 stack frames]]>
    </failure>
  </testcase> <!-- verifynewuserbutton -->
  <testcase name="verifynewuserbutton" time="78.822" classname="com.smart.qa.testcase.CreateUserPageTest_CBT">
    <failure type="java.lang.AssertionError" message="expected [true] but found [false]">
      <![CDATA[java.lang.AssertionError: expected [true] but found [false]
	at com.smart.qa.page.CreateUserPage.SaveBtn(CreateUserPage.java:307)
	at com.smart.qa.testcase.CreateUserPageTest_CBT.verifynewuserbutton(CreateUserPageTest_CBT.java:55)
... Removed 29 stack frames]]>
    </failure>
  </testcase> <!-- verifynewuserbutton -->
</testsuite> <!-- Users1(failed) -->
